2024-07-30 14:56:30,058 [ERROR] ConfigurationRetriever:142 - IOException on connection: sw-center.st.com
2024-07-30 14:56:30,087 [ERROR] ConfigurationRetriever:142 - IOException on connection: sw-center.st.com
2024-07-30 14:56:30,088 [ERROR] ConfigurationRetriever:142 - IOException on connection: sw-center.st.com
2024-07-30 15:01:39,522 [INFO] Activator:176 - 


2024-07-30 15:01:39,525 [INFO] Activator:177 - !SESSION log4j initialized
2024-07-30 15:01:50,817 [INFO] LogOutputStream:77 - [STDOUT_REDIRECT] 
2024-07-30 15:01:56,510 [INFO] ApplicationProperties:184 - Using Application install path: C:\ST\STM32CubeIDE_1.14.0\STM32CubeIDE\plugins\com.st.stm32cube.common.mx_6.10.0.202311202037
2024-07-30 15:01:56,545 [INFO] DbMcusXml:78 - Set database path to: C:\ST\STM32CubeIDE_1.14.0\STM32CubeIDE\plugins\com.st.stm32cube.common.mx_6.10.0.202311202037\\db\/mcu/
2024-07-30 15:01:56,545 [INFO] ApiDb:274 - Set plugin database path to: C:\ST\STM32CubeIDE_1.14.0\STM32CubeIDE\plugins\com.st.stm32cube.common.mx_6.10.0.202311202037\\db\/plugins/boardmanager/
2024-07-30 15:01:56,546 [WARN] ApiDb:259 - Overriding images path with different value:  => C:\ST\STM32CubeIDE_1.14.0\STM32CubeIDE\plugins\com.st.stm32cube.common.mx_6.10.0.202311202037\\db\/plugins/mcufinder/images/
2024-07-30 15:01:56,561 [INFO] ApiDb:250 - Set database path to: C:\Users\Owner\.stmcufinder\plugins\mcufinder//mcu/
2024-07-30 15:01:56,563 [INFO] DbMcusAds:125 - Set database path to: C:\Users\Owner\.stmcufinder\plugins\mcufinder//mcu/
2024-07-30 15:01:56,567 [INFO] CrossReferenceDbSqlite:203 - Set database path to: C:\Users\Owner\.stmcufinder\plugins\mcufinder//mcu/cs/
2024-07-30 15:01:56,830 [INFO] RulesReader:64 - Compatibility file has been processed (297 Rules)
2024-07-30 15:01:57,000 [INFO] DbMcusXml:78 - Set database path to: C:\ST\STM32CubeIDE_1.14.0\STM32CubeIDE\plugins\com.st.stm32cube.common.mx_6.10.0.202311202037\\db\/mcu/
2024-07-30 15:01:57,000 [INFO] ApiDb:274 - Set plugin database path to: C:\ST\STM32CubeIDE_1.14.0\STM32CubeIDE\plugins\com.st.stm32cube.common.mx_6.10.0.202311202037\\db\/plugins/boardmanager/
2024-07-30 15:01:57,000 [INFO] ApiDb:261 - Set plugin images path to: C:\ST\STM32CubeIDE_1.14.0\STM32CubeIDE\plugins\com.st.stm32cube.common.mx_6.10.0.202311202037\\db\/plugins/mcufinder/images/
2024-07-30 15:01:57,001 [WARN] DbFile:41 - Overriding database path with different value: C:\Users\Owner\.stmcufinder\plugins\mcufinder/ => C:\Users\Owner\.stmcufinder\plugins\mcufinder
2024-07-30 15:01:57,001 [INFO] ApiDb:250 - Set database path to: C:\Users\Owner\.stmcufinder\plugins\mcufinder//mcu/
2024-07-30 15:01:57,001 [WARN] DbFile:41 - Overriding database path with different value: C:\Users\Owner\.stmcufinder\plugins\mcufinder/ => C:\Users\Owner\.stmcufinder\plugins\mcufinder
2024-07-30 15:01:57,001 [INFO] DbMcusAds:125 - Set database path to: C:\Users\Owner\.stmcufinder\plugins\mcufinder//mcu/
2024-07-30 15:01:57,002 [WARN] DbFile:41 - Overriding database path with different value: C:\Users\Owner\.stmcufinder\plugins\mcufinder/ => C:\Users\Owner\.stmcufinder\plugins\mcufinder
2024-07-30 15:01:57,002 [WARN] DbFile:41 - Overriding database path with different value: C:\Users\Owner\.stmcufinder\plugins\mcufinder/ => C:\Users\Owner\.stmcufinder\plugins\mcufinder
2024-07-30 15:01:57,002 [INFO] CrossReferenceDbSqlite:203 - Set database path to: C:\Users\Owner\.stmcufinder\plugins\mcufinder//mcu/cs/
2024-07-30 15:01:57,153 [INFO] MainPanel:264 - HeapMemory: 268435456
2024-07-30 15:01:57,324 [INFO] DbMcusXml:78 - Set database path to: C:\ST\STM32CubeIDE_1.14.0\STM32CubeIDE\plugins\com.st.stm32cube.common.mx_6.10.0.202311202037\\db\/mcu/
2024-07-30 15:01:57,324 [INFO] ApiDb:274 - Set plugin database path to: C:\ST\STM32CubeIDE_1.14.0\STM32CubeIDE\plugins\com.st.stm32cube.common.mx_6.10.0.202311202037\\db\/plugins/boardmanager/
2024-07-30 15:01:57,324 [INFO] ApiDb:261 - Set plugin images path to: C:\ST\STM32CubeIDE_1.14.0\STM32CubeIDE\plugins\com.st.stm32cube.common.mx_6.10.0.202311202037\\db\/plugins/mcufinder/images/
2024-07-30 15:01:57,325 [WARN] DbFile:41 - Overriding database path with different value: C:\Users\Owner\.stmcufinder\plugins\mcufinder/ => C:\Users\Owner\.stmcufinder\plugins\mcufinder
2024-07-30 15:01:57,325 [INFO] ApiDb:250 - Set database path to: C:\Users\Owner\.stmcufinder\plugins\mcufinder//mcu/
2024-07-30 15:01:57,326 [WARN] DbFile:41 - Overriding database path with different value: C:\Users\Owner\.stmcufinder\plugins\mcufinder/ => C:\Users\Owner\.stmcufinder\plugins\mcufinder
2024-07-30 15:01:57,326 [INFO] DbMcusAds:125 - Set database path to: C:\Users\Owner\.stmcufinder\plugins\mcufinder//mcu/
2024-07-30 15:01:57,326 [WARN] DbFile:41 - Overriding database path with different value: C:\Users\Owner\.stmcufinder\plugins\mcufinder/ => C:\Users\Owner\.stmcufinder\plugins\mcufinder
2024-07-30 15:01:57,326 [WARN] DbFile:41 - Overriding database path with different value: C:\Users\Owner\.stmcufinder\plugins\mcufinder/ => C:\Users\Owner\.stmcufinder\plugins\mcufinder
2024-07-30 15:01:57,326 [INFO] CrossReferenceDbSqlite:203 - Set database path to: C:\Users\Owner\.stmcufinder\plugins\mcufinder//mcu/cs/
2024-07-30 15:01:57,357 [INFO] ApplicationProperties:184 - Using Application install path: C:\ST\STM32CubeIDE_1.14.0\STM32CubeIDE\plugins\com.st.stm32cube.common.mx_6.10.0.202311202037
2024-07-30 15:01:57,360 [INFO] PluginManage:196 - Search for loadable plugins [exclusion list=, ]
2024-07-30 15:01:57,362 [INFO] PluginManage:310 - Check plugin analytics
2024-07-30 15:01:57,644 [INFO] AnalyticsPlugin:253 - Accepted Software Licenses: 
2024-07-30 15:01:57,644 [INFO] AnalyticsPlugin:255 - Accepted CMSIS Pack Licenses: 
2024-07-30 15:01:57,644 [INFO] AnalyticsPlugin:257 - Accepted Firmware Licenses: FW.F4.1.28.0,FW.WL.1.3.0
2024-07-30 15:01:57,648 [INFO] PluginManage:359 - Loaded plugin analytics (category:tool,tabindex:-1)
2024-07-30 15:01:57,648 [INFO] PluginManage:310 - Check plugin cadmodel
2024-07-30 15:01:57,675 [INFO] CADModel:105 - Init CAD model plugin
2024-07-30 15:01:57,675 [INFO] PluginManage:359 - Loaded plugin cadmodel (category:power,tabindex:5)
2024-07-30 15:01:57,676 [INFO] PluginManage:310 - Check plugin clock
2024-07-30 15:01:57,710 [INFO] PluginManage:359 - Loaded plugin clock (category:base,tabindex:2)
2024-07-30 15:01:57,710 [INFO] PluginManage:310 - Check plugin ddr
2024-07-30 15:01:57,714 [INFO] PluginManage:359 - Loaded plugin ddr (category:tool,tabindex:6)
2024-07-30 15:01:57,714 [INFO] PluginManage:310 - Check plugin filemanager
2024-07-30 15:01:57,933 [INFO] PluginManage:359 - Loaded plugin filemanager (category:base,tabindex:10)
2024-07-30 15:01:57,933 [INFO] PluginManage:310 - Check plugin ipmanager
2024-07-30 15:01:57,944 [INFO] PluginManage:359 - Loaded plugin ipmanager (category:base,tabindex:5)
2024-07-30 15:01:57,945 [INFO] PluginManage:310 - Check plugin lpbam
2024-07-30 15:01:57,971 [INFO] PluginManage:359 - Loaded plugin lpbam (category:base,tabindex:0)
2024-07-30 15:01:57,971 [INFO] PluginManage:310 - Check plugin memorymap
2024-07-30 15:01:58,002 [INFO] PluginManage:359 - Loaded plugin memorymap (category:base,tabindex:4)
2024-07-30 15:01:58,003 [INFO] PluginManage:310 - Check plugin pinoutandconfiguration
2024-07-30 15:01:58,025 [INFO] PluginManage:359 - Loaded plugin pinoutandconfiguration (category:base,tabindex:1)
2024-07-30 15:01:58,025 [INFO] PluginManage:310 - Check plugin pinoutconfig
2024-07-30 15:01:58,139 [WARN] SupportedApi:132 - Cannot load RTOS API schema: s4s-elt-must-match.1: The content of 'definitions' must match (annotation?, (simpleType | complexType)?, (unique | key | keyref)*)). A problem was found starting at: attribute.
2024-07-30 15:01:58,309 [INFO] PluginManage:359 - Loaded plugin pinoutconfig (category:base,tabindex:0)
2024-07-30 15:01:58,309 [INFO] PluginManage:310 - Check plugin power
2024-07-30 15:01:58,334 [INFO] PluginManage:359 - Loaded plugin power (category:power,tabindex:4)
2024-07-30 15:01:58,334 [INFO] PluginManage:310 - Check plugin projectmanager
2024-07-30 15:01:58,355 [INFO] PluginManage:359 - Loaded plugin projectmanager (category:projectmanager,tabindex:3)
2024-07-30 15:01:58,356 [INFO] PluginManage:310 - Check plugin thirdparty
2024-07-30 15:01:58,732 [INFO] PluginManage:359 - Loaded plugin thirdparty (category:base,tabindex:-1)
2024-07-30 15:01:58,732 [WARN] IntegrityCheckThread:84 - waiting for thirdparty lock release [integrity check]
2024-07-30 15:01:58,732 [INFO] PluginManage:310 - Check plugin tools
2024-07-30 15:01:58,732 [INFO] IntegrityCheckThread:86 - entering critical section [integrity check]
2024-07-30 15:01:58,733 [INFO] ThirdPartyUpdaterWithRetryManager:70 - Updater plugin not ready yet. [1/15]
2024-07-30 15:01:58,784 [INFO] PluginManage:359 - Loaded plugin tools (category:base,tabindex:7)
2024-07-30 15:01:58,784 [INFO] PluginManage:310 - Check plugin tutovideos
2024-07-30 15:01:59,022 [INFO] PluginManage:359 - Loaded plugin tutovideos (category:base,tabindex:-1)
2024-07-30 15:01:59,022 [INFO] PluginManage:310 - Check plugin updater
2024-07-30 15:01:59,035 [INFO] PluginManage:359 - Loaded plugin updater (category:base,tabindex:12)
2024-07-30 15:01:59,035 [INFO] PluginManage:310 - Check plugin userauth
2024-07-30 15:01:59,042 [INFO] UserAuth:114 - Init User Auth plugin
2024-07-30 15:01:59,042 [INFO] PluginManage:359 - Loaded plugin userauth (category:base,tabindex:14)
2024-07-30 15:01:59,042 [INFO] PluginManage:283 - PluginManage : Loaded plugins [17]
2024-07-30 15:01:59,310 [INFO] PinOutPanel:1499 - setPackage(No Configuration,No Configuration)
2024-07-30 15:01:59,403 [INFO] CADModel:165 - CPN selected for project level
2024-07-30 15:01:59,403 [INFO] CADModel:114 - Register for checkConnection events
2024-07-30 15:01:59,435 [INFO] IPUIPlugin:80 - create IPUIPlugin
2024-07-30 15:01:59,436 [INFO] PluginManager:220 - loadIPPluginJar : add adc
2024-07-30 15:01:59,488 [INFO] IPUIPlugin:80 - create IPUIPlugin
2024-07-30 15:01:59,488 [INFO] PluginManager:220 - loadIPPluginJar : add aes
2024-07-30 15:01:59,546 [INFO] IPUIPlugin:80 - create IPUIPlugin
2024-07-30 15:01:59,547 [INFO] PluginManager:220 - loadIPPluginJar : add can
2024-07-30 15:01:59,577 [INFO] IPUIPlugin:80 - create IPUIPlugin
2024-07-30 15:01:59,577 [INFO] PluginManager:220 - loadIPPluginJar : add comp
2024-07-30 15:01:59,622 [INFO] IPUIPlugin:80 - create IPUIPlugin
2024-07-30 15:01:59,622 [INFO] PluginManager:220 - loadIPPluginJar : add cryp
2024-07-30 15:01:59,662 [INFO] IPUIPlugin:80 - create IPUIPlugin
2024-07-30 15:01:59,662 [INFO] PluginManager:220 - loadIPPluginJar : add dfsdm
2024-07-30 15:01:59,679 [INFO] IPUIPlugin:80 - create IPUIPlugin
2024-07-30 15:01:59,680 [INFO] PluginManager:220 - loadIPPluginJar : add dma
2024-07-30 15:01:59,738 [INFO] IPUIPlugin:80 - create IPUIPlugin
2024-07-30 15:01:59,738 [INFO] PluginManager:220 - loadIPPluginJar : add dma3
2024-07-30 15:01:59,765 [INFO] IPUIPlugin:80 - create IPUIPlugin
2024-07-30 15:01:59,766 [INFO] PluginManager:220 - loadIPPluginJar : add fatfs
2024-07-30 15:01:59,824 [INFO] IPUIPlugin:80 - create IPUIPlugin
2024-07-30 15:01:59,824 [INFO] PluginManager:220 - loadIPPluginJar : add fmc
2024-07-30 15:01:59,843 [INFO] IPUIPlugin:80 - create IPUIPlugin
2024-07-30 15:01:59,843 [INFO] PluginManager:220 - loadIPPluginJar : add freertos
2024-07-30 15:01:59,870 [INFO] IPUIPlugin:80 - create IPUIPlugin
2024-07-30 15:01:59,870 [INFO] PluginManager:220 - loadIPPluginJar : add genericplugin
2024-07-30 15:01:59,988 [INFO] IPUIPlugin:80 - create IPUIPlugin
2024-07-30 15:01:59,989 [INFO] PluginManager:220 - loadIPPluginJar : add gfxmmu
2024-07-30 15:02:00,165 [INFO] IPUIPlugin:80 - create IPUIPlugin
2024-07-30 15:02:00,165 [INFO] PluginManager:220 - loadIPPluginJar : add gic
2024-07-30 15:02:00,178 [INFO] IPUIPlugin:80 - create IPUIPlugin
2024-07-30 15:02:00,178 [INFO] PluginManager:220 - loadIPPluginJar : add gpio
2024-07-30 15:02:00,298 [INFO] IPUIPlugin:80 - create IPUIPlugin
2024-07-30 15:02:00,298 [INFO] PluginManager:220 - loadIPPluginJar : add gtzc
2024-07-30 15:02:00,335 [INFO] IPUIPlugin:80 - create IPUIPlugin
2024-07-30 15:02:00,335 [INFO] PluginManager:220 - loadIPPluginJar : add hash
2024-07-30 15:02:00,400 [INFO] IPUIPlugin:80 - create IPUIPlugin
2024-07-30 15:02:00,400 [INFO] PluginManager:220 - loadIPPluginJar : add i2c
2024-07-30 15:02:00,445 [INFO] IPUIPlugin:80 - create IPUIPlugin
2024-07-30 15:02:00,445 [INFO] PluginManager:220 - loadIPPluginJar : add i2s
2024-07-30 15:02:00,495 [INFO] IPUIPlugin:80 - create IPUIPlugin
2024-07-30 15:02:00,496 [INFO] PluginManager:220 - loadIPPluginJar : add i3c
2024-07-30 15:02:00,635 [INFO] IPUIPlugin:80 - create IPUIPlugin
2024-07-30 15:02:00,635 [INFO] PluginManager:220 - loadIPPluginJar : add ipddr
2024-07-30 15:02:00,760 [INFO] IPUIPlugin:80 - create IPUIPlugin
2024-07-30 15:02:00,760 [INFO] PluginManager:220 - loadIPPluginJar : add linkedlist
2024-07-30 15:02:00,810 [INFO] IPUIPlugin:80 - create IPUIPlugin
2024-07-30 15:02:00,810 [INFO] PluginManager:220 - loadIPPluginJar : add lorawan
2024-07-30 15:02:00,868 [INFO] IPUIPlugin:80 - create IPUIPlugin
2024-07-30 15:02:00,868 [INFO] PluginManager:220 - loadIPPluginJar : add ltdc
2024-07-30 15:02:00,886 [INFO] IPUIPlugin:80 - create IPUIPlugin
2024-07-30 15:02:00,887 [INFO] PluginManager:220 - loadIPPluginJar : add mdma
2024-07-30 15:02:00,902 [INFO] IPUIPlugin:80 - create IPUIPlugin
2024-07-30 15:02:00,902 [INFO] PluginManager:220 - loadIPPluginJar : add nvic
2024-07-30 15:02:00,960 [INFO] IPUIPlugin:80 - create IPUIPlugin
2024-07-30 15:02:00,961 [INFO] PluginManager:220 - loadIPPluginJar : add opamp
2024-07-30 15:02:01,043 [INFO] IPUIPlugin:80 - create IPUIPlugin
2024-07-30 15:02:01,043 [INFO] PluginManager:220 - loadIPPluginJar : add openamp
2024-07-30 15:02:01,099 [INFO] IPUIPlugin:80 - create IPUIPlugin
2024-07-30 15:02:01,099 [INFO] PluginManager:220 - loadIPPluginJar : add pdm2pcm
2024-07-30 15:02:01,119 [INFO] IPUIPlugin:80 - create IPUIPlugin
2024-07-30 15:02:01,122 [INFO] PluginManager:220 - loadIPPluginJar : add plateformsettings
2024-07-30 15:02:01,150 [INFO] IPUIPlugin:80 - create IPUIPlugin
2024-07-30 15:02:01,150 [INFO] PluginManager:220 - loadIPPluginJar : add quadspi
2024-07-30 15:02:01,165 [INFO] IPUIPlugin:80 - create IPUIPlugin
2024-07-30 15:02:01,165 [INFO] PluginManager:220 - loadIPPluginJar : add resmgrutility
2024-07-30 15:02:01,224 [INFO] IPUIPlugin:80 - create IPUIPlugin
2024-07-30 15:02:01,224 [INFO] PluginManager:220 - loadIPPluginJar : add sai
2024-07-30 15:02:01,270 [INFO] IPUIPlugin:80 - create IPUIPlugin
2024-07-30 15:02:01,270 [INFO] PluginManager:220 - loadIPPluginJar : add spi
2024-07-30 15:02:01,356 [INFO] IPUIPlugin:80 - create IPUIPlugin
2024-07-30 15:02:01,356 [INFO] PluginManager:220 - loadIPPluginJar : add stm32_wpan
2024-07-30 15:02:01,385 [INFO] IPUIPlugin:80 - create IPUIPlugin
2024-07-30 15:02:01,385 [INFO] PluginManager:220 - loadIPPluginJar : add tim
2024-07-30 15:02:01,452 [INFO] IPUIPlugin:80 - create IPUIPlugin
2024-07-30 15:02:01,452 [INFO] PluginManager:220 - loadIPPluginJar : add touchsensing
2024-07-30 15:02:01,485 [INFO] IPUIPlugin:80 - create IPUIPlugin
2024-07-30 15:02:01,486 [INFO] PluginManager:220 - loadIPPluginJar : add tracer_emb
2024-07-30 15:02:01,514 [INFO] IPUIPlugin:80 - create IPUIPlugin
2024-07-30 15:02:01,514 [INFO] PluginManager:220 - loadIPPluginJar : add ts
2024-07-30 15:02:01,539 [INFO] IPUIPlugin:80 - create IPUIPlugin
2024-07-30 15:02:01,540 [INFO] PluginManager:220 - loadIPPluginJar : add tsc
2024-07-30 15:02:01,567 [INFO] IPUIPlugin:80 - create IPUIPlugin
2024-07-30 15:02:01,567 [INFO] PluginManager:220 - loadIPPluginJar : add ucpd
2024-07-30 15:02:01,624 [INFO] IPUIPlugin:80 - create IPUIPlugin
2024-07-30 15:02:01,624 [INFO] PluginManager:220 - loadIPPluginJar : add usart
2024-07-30 15:02:01,678 [INFO] IPUIPlugin:80 - create IPUIPlugin
2024-07-30 15:02:01,678 [INFO] PluginManager:220 - loadIPPluginJar : add usbx
2024-07-30 15:02:01,734 [INFO] ThirdPartyUpdaterWithRetryManager:70 - Updater plugin not ready yet. [2/15]
2024-07-30 15:02:01,819 [INFO] CADModel:165 - CPN selected for project level
2024-07-30 15:02:01,820 [INFO] CADModel:114 - Register for checkConnection events
2024-07-30 15:02:01,820 [FATAL] Updater:308 - Updater called before beeing initialized
2024-07-30 15:02:01,820 [ERROR] CADModel:125 - Updater not yet initialized, retry later 
2024-07-30 15:02:01,999 [INFO] CADModel:165 - CPN selected for project level
2024-07-30 15:02:01,999 [INFO] CADModel:114 - Register for checkConnection events
2024-07-30 15:02:01,999 [FATAL] Updater:308 - Updater called before beeing initialized
2024-07-30 15:02:01,999 [ERROR] CADModel:125 - Updater not yet initialized, retry later 
2024-07-30 15:02:02,003 [FATAL] Updater:308 - Updater called before beeing initialized
2024-07-30 15:02:02,203 [FATAL] Updater:308 - Updater called before beeing initialized
2024-07-30 15:02:02,216 [INFO] DbMcusAds:53 - JSON generation date=Thu May 16 17:22:00 CST 2024 (1715851320667)
2024-07-30 15:02:02,216 [FATAL] Updater:308 - Updater called before beeing initialized
2024-07-30 15:02:02,270 [WARN] DetailPanel:346 - Failed to get advertising image, set to default
2024-07-30 15:02:02,390 [FATAL] Updater:308 - Updater called before beeing initialized
2024-07-30 15:02:02,393 [FATAL] Updater:308 - Updater called before beeing initialized
2024-07-30 15:02:02,393 [FATAL] Updater:308 - Updater called before beeing initialized
2024-07-30 15:02:02,393 [WARN] DetailPanel:346 - Failed to get advertising image, set to default
2024-07-30 15:02:02,394 [FATAL] Updater:308 - Updater called before beeing initialized
2024-07-30 15:02:02,477 [ERROR] Updater:1120 - MainUpdater not yet initialized. External WinMGr cannot be set.
2024-07-30 15:02:02,491 [INFO] Updater:1056 - Updater Version found : 6.10.0
2024-07-30 15:02:02,511 [INFO] ApplicationProperties:184 - Using Application install path: C:\ST\STM32CubeIDE_1.14.0\STM32CubeIDE\plugins\com.st.stm32cube.common.mx_6.10.0.202311202037
2024-07-30 15:02:04,097 [ERROR] LogOutputStream:75 - [STDERR_REDIRECT] Jul 30, 2024 3:02:04 PM java.util.prefs.WindowsPreferences <init>
2024-07-30 15:02:04,099 [ERROR] LogOutputStream:75 - [STDERR_REDIRECT] WARNING: Could not open/create prefs root node Software\JavaSoft\Prefs at root 0xffffffff80000002. Windows RegCreateKeyEx(...) returned error code 5.
2024-07-30 15:02:04,099 [ERROR] LogOutputStream:75 - [STDERR_REDIRECT] 
2024-07-30 15:02:04,618 [INFO] MainUpdater:2873 - connection check result : 10
2024-07-30 15:02:04,619 [INFO] MainUpdater:290 - Updater Check For Update Now.
2024-07-30 15:02:04,619 [INFO] MicroXplorer:498 - Change Database Version : DB.6.0.100
2024-07-30 15:02:04,642 [INFO] McuFinderGlobals:63 - Set McuFinder mode to 2 (CubeIDE integrated)
2024-07-30 15:02:04,643 [INFO] UserAuth:180 - activating auth plugin
2024-07-30 15:02:04,647 [INFO] UserAuth:404 - Internet connection configuration mode: 1
2024-07-30 15:02:04,688 [INFO] JxBrowserEngine:152 - Initiate JxBrowser Engine with user profile folder
2024-07-30 15:02:04,735 [WARN] MainUpdater:1194 - Updater busy. Cannot search thirdparties
2024-07-30 15:02:04,735 [INFO] ThirdPartyUpdaterWithRetryManager:96 - Updater plugin is busy. [1/15]
2024-07-30 15:02:04,899 [INFO] CheckServerUpdateThread:120 - End of CheckServer Thread
2024-07-30 15:02:06,784 [INFO] WebApp:161 - Instantiating new browser for Auth
2024-07-30 15:02:07,570 [INFO] WebApp:780 - Register for checkConnection events
2024-07-30 15:02:07,570 [INFO] WebApp:414 - Apply proxy settings
2024-07-30 15:02:07,570 [INFO] WebApp:499 - Chromium requires no authentication
2024-07-30 15:02:07,580 [INFO] WebApp:442 - Direct internet connection detected
2024-07-30 15:02:07,783 [INFO] WebApp:192 - Starting web application
2024-07-30 15:02:07,784 [INFO] WebApp:544 - Web application path used C:\ST\STM32CubeIDE_1.14.0\STM32CubeIDE\plugins\com.st.stm32cube.common.mx_6.10.0.202311202037\db\plugins\mcufinder\reactClient1\index.html
2024-07-30 15:02:08,046 [WARN] PackLoader:240 - Cannot read IP mode file for STMicroelectronics.FP-SNS-MOTENVWB1.1.4.0
2024-07-30 15:02:08,080 [WARN] PackLoader:240 - Cannot read IP mode file for STMicroelectronics.X-CUBE-SMBUS.2.1.0
2024-07-30 15:02:08,105 [WARN] PackLoader:240 - Cannot read IP mode file for STMicroelectronics.X-CUBE-TOUCHGFX.4.23.1
2024-07-30 15:02:08,128 [WARN] PackLoader:240 - Cannot read IP mode file for STMicroelectronics.X-CUBE-TOUCHGFX.4.23.0
2024-07-30 15:02:08,150 [WARN] PackLoader:240 - Cannot read IP mode file for STMicroelectronics.X-CUBE-TOUCHGFX.4.23.2
2024-07-30 15:02:08,233 [WARN] PackLoader:240 - Cannot read IP mode file for STMicroelectronics.X-CUBE-AZRTOS-F7.1.1.0
2024-07-30 15:02:08,271 [WARN] PackLoader:240 - Cannot read IP mode file for STMicroelectronics.FP-SNS-MOTENV1.4.3.2
2024-07-30 15:02:08,303 [WARN] PackLoader:240 - Cannot read IP mode file for STMicroelectronics.FP-SNS-FLIGHT1.5.0.2
2024-07-30 15:02:08,342 [WARN] PackLoader:240 - Cannot read IP mode file for STMicroelectronics.X-CUBE-DISPLAY.3.0.0
2024-07-30 15:02:08,385 [WARN] PackLoader:240 - Cannot read IP mode file for STMicroelectronics.X-CUBE-BLE1.7.0.0
2024-07-30 15:02:08,414 [WARN] PackLoader:240 - Cannot read IP mode file for emotas.I-CUBE-CANOPEN.1.3.0
2024-07-30 15:02:08,463 [WARN] PackLoader:240 - Cannot read IP mode file for STMicroelectronics.X-CUBE-BLEMGR.3.1.0
2024-07-30 15:02:08,496 [WARN] PackLoader:240 - Cannot read IP mode file for STMicroelectronics.FP-SNS-SMARTAG2.1.2.0
2024-07-30 15:02:08,543 [INFO] LogOutputStream:77 - [STDOUT_REDIRECT] 1 : Invalid condition id : UX_CORESTACK_Condition cause : null
2024-07-30 15:02:08,544 [INFO] LogOutputStream:77 - [STDOUT_REDIRECT] 1 : Invalid condition id : UX_CORESTACK_Condition cause : null
2024-07-30 15:02:08,547 [INFO] LogOutputStream:77 - [STDOUT_REDIRECT] 1 : Invalid condition id : UX_CORESTACK_Condition cause : null
2024-07-30 15:02:08,549 [INFO] LogOutputStream:77 - [STDOUT_REDIRECT] 1 : Invalid condition id : UX_CORESTACK_Condition cause : null
2024-07-30 15:02:08,552 [INFO] LogOutputStream:77 - [STDOUT_REDIRECT] 1 : Invalid condition id : UX_CORESTACK_Condition cause : null
2024-07-30 15:02:08,560 [WARN] PackLoader:240 - Cannot read IP mode file for STMicroelectronics.X-CUBE-AZRTOS-WL.2.0.0
2024-07-30 15:02:08,588 [WARN] PackLoader:240 - Cannot read IP mode file for STMicroelectronics.FP-SNS-MOTENV1.5.0.0
2024-07-30 15:02:08,615 [WARN] PackLoader:240 - Cannot read IP mode file for wolfSSL.I-CUBE-wolfMQTT.1.19.0
2024-07-30 15:02:08,646 [WARN] PackLoader:240 - Cannot read IP mode file for WES.I-CUBE-Cesium.1.3.0
2024-07-30 15:02:08,667 [WARN] PackLoader:240 - Cannot read IP mode file for STMicroelectronics.X-CUBE-BLE2.3.3.0
2024-07-30 15:02:08,701 [WARN] PackLoader:240 - Cannot read IP mode file for STMicroelectronics.X-CUBE-TCPP.4.1.0
2024-07-30 15:02:08,732 [WARN] PackLoader:240 - Cannot read IP mode file for STMicroelectronics.X-CUBE-ALGOBUILD.1.3.0
2024-07-30 15:02:08,808 [WARN] PackLoader:240 - Cannot read IP mode file for STMicroelectronics.X-CUBE-AZRTOS-G0.1.1.0
2024-07-30 15:02:08,848 [WARN] PackLoader:240 - Cannot read IP mode file for STMicroelectronics.X-CUBE-SAFEA1.1.2.2
2024-07-30 15:02:08,909 [WARN] PackLoader:240 - Cannot read IP mode file for STMicroelectronics.X-CUBE-NFC4.3.0.0
2024-07-30 15:02:08,937 [WARN] PackLoader:240 - Cannot read IP mode file for wolfSSL.I-CUBE-wolfMQTT.1.18.0
2024-07-30 15:02:08,978 [WARN] PackLoader:240 - Cannot read IP mode file for EmbeddedOffice.I-CUBE-FS-RTOS.1.0.1
2024-07-30 15:02:08,979 [ERROR] ConditionMgr:805 - Attr not supported : Dmpu
2024-07-30 15:02:08,979 [ERROR] ConditionMgr:805 - Attr not supported : Dmpu
2024-07-30 15:02:08,979 [ERROR] ConditionMgr:805 - Attr not supported : Dmpu
2024-07-30 15:02:08,980 [ERROR] ConditionMgr:805 - Attr not supported : Dmpu
2024-07-30 15:02:08,980 [ERROR] ConditionMgr:805 - Attr not supported : Dmpu
2024-07-30 15:02:08,980 [ERROR] ConditionMgr:805 - Attr not supported : Dmpu
2024-07-30 15:02:08,980 [ERROR] ConditionMgr:805 - Attr not supported : Dmpu
2024-07-30 15:02:08,980 [ERROR] ConditionMgr:805 - Attr not supported : Dmpu
2024-07-30 15:02:08,980 [ERROR] ConditionMgr:805 - Attr not supported : Dmpu
2024-07-30 15:02:08,980 [ERROR] ConditionMgr:805 - Attr not supported : Dmpu
2024-07-30 15:02:08,980 [ERROR] ConditionMgr:805 - Attr not supported : Dmpu
2024-07-30 15:02:08,981 [ERROR] ConditionMgr:805 - Attr not supported : Dmpu
2024-07-30 15:02:08,981 [ERROR] ConditionMgr:805 - Attr not supported : Dmpu
2024-07-30 15:02:08,981 [ERROR] ConditionMgr:805 - Attr not supported : Dmpu
2024-07-30 15:02:08,981 [ERROR] ConditionMgr:805 - Attr not supported : Dmpu
2024-07-30 15:02:08,981 [ERROR] ConditionMgr:805 - Attr not supported : Dmpu
2024-07-30 15:02:08,981 [ERROR] ConditionMgr:805 - Attr not supported : Dmpu
2024-07-30 15:02:08,982 [ERROR] ConditionMgr:805 - Attr not supported : Dmpu
2024-07-30 15:02:08,982 [ERROR] ConditionMgr:805 - Attr not supported : Dmpu
2024-07-30 15:02:08,982 [ERROR] ConditionMgr:805 - Attr not supported : Dmpu
2024-07-30 15:02:08,982 [ERROR] ConditionMgr:805 - Attr not supported : Dmpu
2024-07-30 15:02:08,982 [ERROR] ConditionMgr:805 - Attr not supported : Dmpu
2024-07-30 15:02:08,982 [ERROR] ConditionMgr:805 - Attr not supported : Dmpu
2024-07-30 15:02:08,982 [ERROR] ConditionMgr:805 - Attr not supported : Dmpu
2024-07-30 15:02:08,983 [ERROR] ConditionMgr:805 - Attr not supported : Dmpu
2024-07-30 15:02:08,983 [ERROR] ConditionMgr:805 - Attr not supported : Dmpu
2024-07-30 15:02:08,983 [ERROR] ConditionMgr:805 - Attr not supported : Dmpu
2024-07-30 15:02:08,983 [ERROR] ConditionMgr:805 - Attr not supported : Dmpu
2024-07-30 15:02:08,983 [ERROR] ConditionMgr:805 - Attr not supported : Dmpu
2024-07-30 15:02:08,984 [ERROR] ConditionMgr:805 - Attr not supported : Dmpu
2024-07-30 15:02:08,984 [ERROR] ConditionMgr:805 - Attr not supported : Dmpu
2024-07-30 15:02:08,984 [ERROR] ConditionMgr:805 - Attr not supported : Dmpu
2024-07-30 15:02:08,984 [ERROR] ConditionMgr:805 - Attr not supported : Dmpu
2024-07-30 15:02:08,984 [ERROR] ConditionMgr:805 - Attr not supported : Dmpu
2024-07-30 15:02:08,984 [ERROR] ConditionMgr:805 - Attr not supported : Dmpu
2024-07-30 15:02:08,985 [ERROR] ConditionMgr:805 - Attr not supported : Dmpu
2024-07-30 15:02:08,985 [ERROR] ConditionMgr:805 - Attr not supported : Dmpu
2024-07-30 15:02:08,985 [ERROR] ConditionMgr:805 - Attr not supported : Dmpu
2024-07-30 15:02:08,985 [ERROR] ConditionMgr:805 - Attr not supported : Dmpu
2024-07-30 15:02:08,985 [ERROR] ConditionMgr:805 - Attr not supported : Dmpu
2024-07-30 15:02:08,986 [ERROR] ConditionMgr:805 - Attr not supported : Dmpu
2024-07-30 15:02:08,986 [ERROR] ConditionMgr:805 - Attr not supported : Dmpu
2024-07-30 15:02:08,986 [ERROR] ConditionMgr:805 - Attr not supported : Dmpu
2024-07-30 15:02:08,986 [ERROR] ConditionMgr:805 - Attr not supported : Dmpu
2024-07-30 15:02:08,986 [ERROR] ConditionMgr:805 - Attr not supported : Dmpu
2024-07-30 15:02:08,986 [ERROR] ConditionMgr:805 - Attr not supported : Dmpu
2024-07-30 15:02:08,987 [ERROR] ConditionMgr:805 - Attr not supported : Dmpu
2024-07-30 15:02:08,987 [ERROR] ConditionMgr:805 - Attr not supported : Dmpu
2024-07-30 15:02:08,987 [ERROR] ConditionMgr:805 - Attr not supported : Dmpu
2024-07-30 15:02:08,987 [ERROR] ConditionMgr:805 - Attr not supported : Dmpu
2024-07-30 15:02:08,987 [ERROR] ConditionMgr:805 - Attr not supported : Dmpu
2024-07-30 15:02:08,987 [ERROR] ConditionMgr:805 - Attr not supported : Dmpu
2024-07-30 15:02:08,988 [ERROR] ConditionMgr:805 - Attr not supported : Dmpu
2024-07-30 15:02:08,988 [ERROR] ConditionMgr:805 - Attr not supported : Dmpu
2024-07-30 15:02:08,988 [ERROR] ConditionMgr:805 - Attr not supported : Dmpu
2024-07-30 15:02:08,988 [ERROR] ConditionMgr:805 - Attr not supported : Dmpu
2024-07-30 15:02:08,988 [ERROR] ConditionMgr:805 - Attr not supported : Dmpu
2024-07-30 15:02:08,988 [ERROR] ConditionMgr:805 - Attr not supported : Dmpu
2024-07-30 15:02:08,989 [ERROR] ConditionMgr:805 - Attr not supported : Dmpu
2024-07-30 15:02:08,989 [ERROR] ConditionMgr:805 - Attr not supported : Dmpu
2024-07-30 15:02:08,989 [ERROR] ConditionMgr:805 - Attr not supported : Dmpu
2024-07-30 15:02:08,989 [ERROR] ConditionMgr:805 - Attr not supported : Dmpu
2024-07-30 15:02:08,989 [ERROR] ConditionMgr:805 - Attr not supported : Dmpu
2024-07-30 15:02:08,990 [ERROR] ConditionMgr:805 - Attr not supported : Dmpu
2024-07-30 15:02:09,044 [WARN] PackLoader:240 - Cannot read IP mode file for STMicroelectronics.X-CUBE-BLEMGR.3.0.0
2024-07-30 15:02:09,077 [WARN] PackLoader:240 - Cannot read IP mode file for RealThread.X-CUBE-RT-Thread_Nano.4.1.1
2024-07-30 15:02:09,101 [WARN] PackLoader:240 - Cannot read IP mode file for STMicroelectronics.FP-ATR-SIGFOX1.3.2.0
2024-07-30 15:02:09,126 [WARN] PackLoader:240 - Cannot read IP mode file for STMicroelectronics.X-CUBE-EEPRMA1.5.1.0
2024-07-30 15:02:09,200 [WARN] PackLoader:240 - Cannot read IP mode file for SEGGER.I-CUBE-embOS.1.3.1
2024-07-30 15:02:09,310 [WARN] PackLoader:240 - Cannot read IP mode file for STMicroelectronics.X-CUBE-ALGOBUILD.1.4.0
2024-07-30 15:02:09,332 [WARN] PackLoader:240 - Cannot read IP mode file for STMicroelectronics.X-CUBE-GNSS1.6.0.0
2024-07-30 15:02:09,377 [WARN] PackLoader:240 - Cannot read IP mode file for STMicroelectronics.X-CUBE-AZRTOS-F4.1.1.0
2024-07-30 15:02:09,400 [WARN] PackLoader:240 - Cannot read IP mode file for STMicroelectronics.X-CUBE-FREERTOS.1.2.0
2024-07-30 15:02:09,418 [WARN] PackLoader:240 - Cannot read IP mode file for wolfSSL.I-CUBE-wolfSSL.5.6.6
2024-07-30 15:02:09,476 [WARN] PackLoader:240 - Cannot read IP mode file for STMicroelectronics.X-CUBE-AZRTOS-L5.2.0.0
2024-07-30 15:02:09,504 [WARN] PackLoader:240 - Cannot read IP mode file for STMicroelectronics.X-CUBE-EEPRMA1.4.2.0
2024-07-30 15:02:09,530 [WARN] PackLoader:240 - Cannot read IP mode file for STMicroelectronics.X-CUBE-NFC6.3.1.0
2024-07-30 15:02:09,555 [WARN] PackLoader:240 - Cannot read IP mode file for ITTIA_DB.I-CUBE-ITTIADB.8.8.0
2024-07-30 15:02:09,576 [WARN] PackLoader:240 - Cannot read IP mode file for STMicroelectronics.X-CUBE-DPower.1.2.0
2024-07-30 15:02:09,596 [WARN] PackLoader:240 - Cannot read IP mode file for STMicroelectronics.X-CUBE-AI.9.0.0
2024-07-30 15:02:09,618 [WARN] PackLoader:240 - Cannot read IP mode file for STMicroelectronics.X-CUBE-NFC7.1.0.1
2024-07-30 15:02:09,643 [WARN] PackLoader:240 - Cannot read IP mode file for wolfSSL.I-CUBE-wolfTPM.3.2.0
2024-07-30 15:02:09,666 [WARN] PackLoader:240 - Cannot read IP mode file for STMicroelectronics.X-CUBE-NFC6.3.0.0
2024-07-30 15:02:09,690 [WARN] PackLoader:240 - Cannot read IP mode file for STMicroelectronics.X-CUBE-AI.8.1.0
2024-07-30 15:02:09,740 [WARN] ConditionMgr:438 - getConditionDescription Invalid condition id : LAN8742 Phy interface Condition cause : null
2024-07-30 15:02:09,741 [WARN] PackLoader:240 - Cannot read IP mode file for STMicroelectronics.X-CUBE-AZRTOS-L4.2.0.0
2024-07-30 15:02:09,743 [WARN] ConditionMgr:1039 - genDependencies : Invalid condition id : LAN8742 Phy interface Condition cause : null
2024-07-30 15:02:09,743 [WARN] ConditionMgr:1039 - genDependencies : Invalid condition id : LAN8742 Phy interface Condition cause : null
2024-07-30 15:02:09,744 [WARN] ConditionMgr:1039 - genDependencies : Invalid condition id : LAN8742 Phy interface Condition cause : null
2024-07-30 15:02:09,768 [WARN] PackLoader:240 - Cannot read IP mode file for STMicroelectronics.X-CUBE-SFXS2LP1.4.0.0
2024-07-30 15:02:09,806 [WARN] ConditionMgr:438 - getConditionDescription Invalid condition id : UX DEVICE CLASS RTOS Condition cause : null
2024-07-30 15:02:09,807 [WARN] ConditionMgr:438 - getConditionDescription Invalid condition id : UX DEVICE CLASS RTOS Condition cause : null
2024-07-30 15:02:09,810 [WARN] PackLoader:240 - Cannot read IP mode file for STMicroelectronics.X-CUBE-AZRTOS-WB.2.0.0
2024-07-30 15:02:09,811 [WARN] ConditionMgr:1039 - genDependencies : Invalid condition id : UX DEVICE CLASS RTOS Condition cause : null
2024-07-30 15:02:09,811 [WARN] ConditionMgr:1039 - genDependencies : Invalid condition id : UX DEVICE CLASS RTOS Condition cause : null
2024-07-30 15:02:09,812 [WARN] ConditionMgr:1039 - genDependencies : Invalid condition id : UX DEVICE CLASS RTOS Condition cause : null
2024-07-30 15:02:09,813 [WARN] ConditionMgr:1039 - genDependencies : Invalid condition id : UX DEVICE CLASS RTOS Condition cause : null
2024-07-30 15:02:09,813 [WARN] ConditionMgr:1039 - genDependencies : Invalid condition id : UX DEVICE CLASS RTOS Condition cause : null
2024-07-30 15:02:09,835 [WARN] PackLoader:240 - Cannot read IP mode file for STMicroelectronics.FP-SNS-STBOX1.2.0.0
2024-07-30 15:02:09,872 [WARN] PackLoader:240 - Cannot read IP mode file for STMicroelectronics.X-CUBE-SUBG2.5.0.0
2024-07-30 15:02:09,925 [WARN] PackLoader:240 - Cannot read IP mode file for STMicroelectronics.X-CUBE-AZRTOS-G4.2.0.0
2024-07-30 15:02:09,962 [WARN] PackLoader:240 - Cannot read IP mode file for Infineon.AIROC-Wi-Fi-Bluetooth-STM32.1.5.1
2024-07-30 15:02:09,986 [WARN] PackLoader:240 - Cannot read IP mode file for STMicroelectronics.FP-SNS-MOTENVWB1.1.3.1
2024-07-30 15:02:10,006 [WARN] PackLoader:240 - Cannot read IP mode file for STMicroelectronics.X-CUBE-ISPU.2.0.0
2024-07-30 15:02:10,026 [WARN] PackLoader:240 - Cannot read IP mode file for STMicroelectronics.X-CUBE-ALS.1.0.2
2024-07-30 15:02:10,109 [WARN] PackLoader:240 - Cannot read IP mode file for STMicroelectronics.X-CUBE-MEMS1.10.0.0
2024-07-30 15:02:10,325 [WARN] PackLoader:240 - Cannot read IP mode file for STMicroelectronics.X-CUBE-FREERTOS.1.1.0
2024-07-30 15:02:10,341 [WARN] PackLoader:240 - Cannot read IP mode file for STMicroelectronics.X-CUBE-TOUCHGFX.4.24.0
2024-07-30 15:02:10,360 [WARN] PackLoader:240 - Cannot read IP mode file for portGmbH.I-Cube-SoM-uGOAL.1.1.0
2024-07-30 15:02:10,376 [WARN] PackLoader:240 - Cannot read IP mode file for STMicroelectronics.X-CUBE-ALS.1.0.1
2024-07-30 15:02:10,420 [WARN] PackLoader:240 - Cannot read IP mode file for STMicroelectronics.X-CUBE-AZRTOS-H7RS.1.0.0
2024-07-30 15:02:10,443 [WARN] PackLoader:240 - Cannot read IP mode file for STMicroelectronics.FP-ATR-ASTRA1.2.0.0
2024-07-30 15:02:10,477 [WARN] PackLoader:240 - Cannot read IP mode file for STMicroelectronics.X-CUBE-TOF1.3.4.2
2024-07-30 15:02:10,531 [WARN] PackLoader:240 - Cannot read IP mode file for STMicroelectronics.X-CUBE-TOF1.3.4.0
2024-07-30 15:02:10,574 [WARN] PackLoader:240 - Cannot read IP mode file for STMicroelectronics.X-CUBE-TOF1.3.4.1
2024-07-30 15:02:10,641 [WARN] PackLoader:240 - Cannot read IP mode file for STMicroelectronics.X-CUBE-AZRTOS-H7.3.2.0
2024-07-30 15:02:10,661 [WARN] PackLoader:240 - Cannot read IP mode file for wolfSSL.I-CUBE-wolfSSH.1.4.17
2024-07-30 15:02:10,661 [INFO] ThirdParty:978 - Integrity check success = true
2024-07-30 15:02:10,661 [INFO] IntegrityCheckThread:100 - exiting critical section [integrity check]
2024-07-30 15:02:10,661 [INFO] IntegrityCheckThread:103 - End integrity checks thread
